#
# There is insufficient memory for the Java Runtime Environment to continue.
# Native memory allocation (mmap) failed to map 134217728 bytes for Failed to commit area from 0x0000000081800000 to 0x0000000089800000 of length 134217728.
# Possible reasons:
#   The system is out of physical RAM or swap space
#   The process is running with CompressedOops enabled, and the Java Heap may be blocking the growth of the native heap
# Possible solutions:
#   Reduce memory load on the system
#   Increase physical memory or swap space
#   Check if swap backing store is full
#   Decrease Java heap size (-Xmx/-Xms)
#   Decrease number of Java threads
#   Decrease Java thread stack sizes (-Xss)
#   Set larger code cache with -XX:ReservedCodeCacheSize=
# This output file may be truncated or incomplete.
#
#  Out of Memory Error (./src/hotspot/os/windows/os_windows.cpp:3303), pid=6508, tid=11660
#
# JRE version:  (11.0.7+10) (build )
# Java VM: OpenJDK 64-Bit Server VM (11.0.7+10, mixed mode, sharing, tiered, compressed oops, g1 gc, windows-amd64)
# No core dump will be written. Minidumps are not enabled by default on client versions of Windows
#

---------------  S U M M A R Y ------------

Command Line: -Dfile.encoding=Cp1252 --module-path=C:\Users\curtis\eclipse-workspace\GamesysTask\bin -Djdk.module.main=gamesysTask gamesysTask/bookshop.Order

Host: AMD FX(tm)-8320 Eight-Core Processor           , 8 cores, 7G,  Windows 10 , 64 bit Build 18362 (10.0.18362.900)
Time: Sat Jul 11 16:23:55 2020 GMT Summer Time elapsed time: 0 seconds (0d 0h 0m 0s)

---------------  T H R E A D  ---------------

Current thread (0x0000018ac9cea000):  JavaThread "Unknown thread" [_thread_in_vm, id=11660, stack(0x000000875ea00000,0x000000875eb00000)]

Stack: [0x000000875ea00000,0x000000875eb00000]
Native frames: (J=compiled Java code, j=interpreted, Vv=VM code, C=native code)
V  [jvm.dll+0x5dec5a]
V  [jvm.dll+0x71671e]
V  [jvm.dll+0x717def]
V  [jvm.dll+0x7184b3]
V  [jvm.dll+0x2409b8]
V  [jvm.dll+0x5dbf1a]
V  [jvm.dll+0x5d0c05]
V  [jvm.dll+0x2f614c]
V  [jvm.dll+0x2f5fd2]
V  [jvm.dll+0x2fac86]
V  [jvm.dll+0x33eb4f]
V  [jvm.dll+0x33e580]
V  [jvm.dll+0x2d3518]
V  [jvm.dll+0x2d4666]
V  [jvm.dll+0x6f2437]
V  [jvm.dll+0x6f3bbf]
V  [jvm.dll+0x34b8d9]
V  [jvm.dll+0x6d5aa0]
V  [jvm.dll+0x3b2c8f]
V  [jvm.dll+0x3b4f41]
C  [jli.dll+0x51fb]
C  [ucrtbase.dll+0x20e82]
C  [KERNEL32.DLL+0x17bd4]
C  [ntdll.dll+0x6ce51]


---------------  P R O C E S S  ---------------

Threads class SMR info:
_java_thread_list=0x0000018ac7a240c0, length=0, elements={
}

Java Threads: ( => current thread )

Other Threads:
  0x0000018ac9d01800 GCTaskThread "GC Thread#0" [stack: 0x000000875eb00000,0x000000875ec00000] [id=3956]
  0x0000018ac9d34000 ConcurrentGCThread "G1 Main Marker" [stack: 0x000000875ec00000,0x000000875ed00000] [id=15664]
  0x0000018ac9d35000 ConcurrentGCThread "G1 Conc#0" [stack: 0x000000875ed00000,0x000000875ee00000] [id=2760]

[error occurred during error reporting (printing all threads), id 0xc0000005, EXCEPTION_ACCESS_VIOLATION (0xc0000005) at pc=0x00007ff9d9122b67]

VM state:not at safepoint (not fully initialized)

VM Mutex/Monitor currently owned by a thread:  ([mutex/lock_event])
[0x0000018ac9ce6180] Heap_lock - owner thread: 0x0000018ac9cea000

Heap address: 0x0000000081800000, size: 2024 MB, Compressed Oops mode: Non-zero based: 0x0000000081800000
Narrow klass base: 0x0000000000000000, Narrow klass shift: 0

GC Heap History (0 events):
No events

Deoptimization events (0 events):
No events

Classes redefined (0 events):
No events

Internal exceptions (0 events):
No events

Events (2 events):
Event: 0.017 Loaded shared library C:\Program Files\AdoptOpenJDK\jdk-11.0.7.10-hotspot\bin\zip.dll
Event: 0.019 Loaded shared library C:\Program Files\AdoptOpenJDK\jdk-11.0.7.10-hotspot\bin\jimage.dll


Dynamic libraries:
0x00007ff6a29d0000 - 0x00007ff6a29dd000 	C:\Program Files\AdoptOpenJDK\jdk-11.0.7.10-hotspot\bin\javaw.exe
0x00007ffa32180000 - 0x00007ffa32370000 	C:\WINDOWS\SYSTEM32\ntdll.dll
0x00007ffa31a60000 - 0x00007ffa31b12000 	C:\WINDOWS\System32\KERNEL32.DLL
0x00007ffa2f110000 - 0x00007ffa2f3b4000 	C:\WINDOWS\System32\KERNELBASE.dll
0x00007ffa2f950000 - 0x00007ffa2fa4a000 	C:\WINDOWS\System32\ucrtbase.dll
0x00007ffa2b490000 - 0x00007ffa2b4a5000 	C:\Program Files\AdoptOpenJDK\jdk-11.0.7.10-hotspot\bin\VCRUNTIME140.dll
0x00007ffa2b470000 - 0x00007ffa2b487000 	C:\Program Files\AdoptOpenJDK\jdk-11.0.7.10-hotspot\bin\jli.dll
0x00007ffa30260000 - 0x00007ffa303f4000 	C:\WINDOWS\System32\USER32.dll
0x00007ffa2f4b0000 - 0x00007ffa2f4d1000 	C:\WINDOWS\System32\win32u.dll
0x00007ffa30230000 - 0x00007ffa30256000 	C:\WINDOWS\System32\GDI32.dll
0x00007ffa2f4e0000 - 0x00007ffa2f675000 	C:\WINDOWS\System32\gdi32full.dll
0x00007ffa2f410000 - 0x00007ffa2f4ae000 	C:\WINDOWS\System32\msvcp_win.dll
0x00007ffa1c620000 - 0x00007ffa1c8a4000 	C:\WINDOWS\WinSxS\amd64_microsoft.windows.common-controls_6595b64144ccf1df_6.0.18362.900_none_e6beb9d913147d17\COMCTL32.dll
0x00007ffa319c0000 - 0x00007ffa31a5e000 	C:\WINDOWS\System32\msvcrt.dll
0x00007ffa31c50000 - 0x00007ffa31f85000 	C:\WINDOWS\System32\combase.dll
0x00007ffa316e0000 - 0x00007ffa31800000 	C:\WINDOWS\System32\RPCRT4.dll
0x00007ffa2f7d0000 - 0x00007ffa2f850000 	C:\WINDOWS\System32\bcryptPrimitives.dll
0x00007ffa31880000 - 0x00007ffa318ae000 	C:\WINDOWS\System32\IMM32.DLL
0x00007ffa2b3d0000 - 0x00007ffa2b46b000 	C:\Program Files\AdoptOpenJDK\jdk-11.0.7.10-hotspot\bin\msvcp140.dll
0x00007ff9d8e40000 - 0x00007ff9d98fc000 	C:\Program Files\AdoptOpenJDK\jdk-11.0.7.10-hotspot\bin\server\jvm.dll
0x00007ffa305b0000 - 0x00007ffa30653000 	C:\WINDOWS\System32\ADVAPI32.dll
0x00007ffa30660000 - 0x00007ffa306f7000 	C:\WINDOWS\System32\sechost.dll
0x00007ffa31870000 - 0x00007ffa31878000 	C:\WINDOWS\System32\PSAPI.DLL
0x00007ffa2b570000 - 0x00007ffa2b57a000 	C:\WINDOWS\SYSTEM32\VERSION.dll
0x00007ffa1ece0000 - 0x00007ffa1ece9000 	C:\WINDOWS\SYSTEM32\WSOCK32.dll
0x00007ffa29550000 - 0x00007ffa29574000 	C:\WINDOWS\SYSTEM32\WINMM.dll
0x00007ffa30fd0000 - 0x00007ffa3103f000 	C:\WINDOWS\System32\WS2_32.dll
0x00007ffa29520000 - 0x00007ffa2954d000 	C:\WINDOWS\SYSTEM32\winmmbase.dll
0x00007ffa2f3c0000 - 0x00007ffa2f40a000 	C:\WINDOWS\System32\cfgmgr32.dll
0x00007ffa2f0c0000 - 0x00007ffa2f0d1000 	C:\WINDOWS\System32\kernel.appcore.dll
0x00007ffa1c9d0000 - 0x00007ffa1c9e0000 	C:\Program Files\AdoptOpenJDK\jdk-11.0.7.10-hotspot\bin\verify.dll
0x00007ffa2da30000 - 0x00007ffa2dc24000 	C:\WINDOWS\SYSTEM32\DBGHELP.DLL
0x00007ffa1e760000 - 0x00007ffa1e78a000 	C:\WINDOWS\SYSTEM32\dbgcore.DLL
0x00007ffa125a0000 - 0x00007ffa125c8000 	C:\Program Files\AdoptOpenJDK\jdk-11.0.7.10-hotspot\bin\java.dll
0x00007ffa11e80000 - 0x00007ffa11e96000 	C:\Program Files\AdoptOpenJDK\jdk-11.0.7.10-hotspot\bin\zip.dll
0x00007ffa12f30000 - 0x00007ffa12f3a000 	C:\Program Files\AdoptOpenJDK\jdk-11.0.7.10-hotspot\bin\jimage.dll

dbghelp: loaded successfully - version: 4.0.5 - missing functions: none
symbol engine: initialized successfully - sym options: 0x614 - pdb path: .;C:\Program Files\AdoptOpenJDK\jdk-11.0.7.10-hotspot\bin;C:\WINDOWS\SYSTEM32;C:\WINDOWS\WinSxS\amd64_microsoft.windows.common-controls_6595b64144ccf1df_6.0.18362.900_none_e6beb9d913147d17;C:\Program Files\AdoptOpenJDK\jdk-11.0.7.10-hotspot\bin\server

VM Arguments:
jvm_args: -Dfile.encoding=Cp1252 --module-path=C:\Users\curtis\eclipse-workspace\GamesysTask\bin -Djdk.module.main=gamesysTask 
java_command: gamesysTask/bookshop.Order
java_class_path (initial): <not set>
Launcher Type: SUN_STANDARD

[Global flags]
     intx CICompilerCount                          = 4                                         {product} {ergonomic}
     uint ConcGCThreads                            = 2                                         {product} {ergonomic}
     uint G1ConcRefinementThreads                  = 8                                         {product} {ergonomic}
   size_t G1HeapRegionSize                         = 1048576                                   {product} {ergonomic}
    uintx GCDrainStackTargetSize                   = 64                                        {product} {ergonomic}
   size_t InitialHeapSize                          = 134217728                                 {product} {ergonomic}
   size_t MarkStackSize                            = 4194304                                   {product} {ergonomic}
   size_t MaxHeapSize                              = 2122317824                                {product} {ergonomic}
   size_t MinHeapDeltaBytes                        = 1048576                                   {product} {ergonomic}
    uintx NonNMethodCodeHeapSize                   = 5836300                                {pd product} {ergonomic}
    uintx NonProfiledCodeHeapSize                  = 122910970                              {pd product} {ergonomic}
    uintx ProfiledCodeHeapSize                     = 122910970                              {pd product} {ergonomic}
    uintx ReservedCodeCacheSize                    = 251658240                              {pd product} {ergonomic}
     bool SegmentedCodeCache                       = true                                      {product} {ergonomic}
     bool UseCompressedClassPointers               = true                                 {lp64_product} {ergonomic}
     bool UseCompressedOops                        = true                                 {lp64_product} {ergonomic}
     bool UseG1GC                                  = true                                      {product} {ergonomic}
     bool UseLargePagesIndividualAllocation        = false                                  {pd product} {ergonomic}

Logging:
Log output configuration:
 #0: stdout all=warning uptime,level,tags
 #1: stderr all=off uptime,level,tags

Environment Variables:
JAVA_HOME=C:\Program Files\AdoptOpenJDK\jdk-11.0.7.10-hotspot\
PATH=C:/Program Files/AdoptOpenJDK/jdk-11.0.7.10-hotspot/bin/client;C:/Program Files/AdoptOpenJDK/jdk-11.0.7.10-hotspot/bin;C:\Program Files\AdoptOpenJDK\jdk-11.0.7.10-hotspot\bin;C:\Program Files (x86)\NVIDIA Corporation\PhysX\Common;C:\WINDOWS\system32;C:\WINDOWS;C:\WINDOWS\System32\Wbem;C:\WINDOWS\System32\WindowsPowerShell\v1.0\;C:\Program Files (x86)\ATI Technologies\ATI.ACE\Core-Static;C:\Program Files (x86)\AMD\ATI.ACE\Core-Static;C:\WINDOWS\system32\config\systemprofile\.dnx\bin;C:\Program Files\Microsoft DNX\Dnvm\;C:\Program Files\Microsoft SQL Server\130\Tools\Binn\;C:\Program Files (x86)\QuickTime\QTSystem\;C:\WINDOWS\System32\OpenSSH\;C:\Program Files\Git\cmd;C:\Users\curtis\AppData\Local\Microsoft\WindowsApps;;C:\Users\curtis\Desktop;
USERNAME=curtis
OS=Windows_NT
PROCESSOR_IDENTIFIER=AMD64 Family 21 Model 2 Stepping 0, AuthenticAMD



---------------  S Y S T E M  ---------------

OS: Windows 10 , 64 bit Build 18362 (10.0.18362.900)
OS uptime: 0 days 6:57 hours

CPU:total 8 (initial active 8) (8 cores per cpu, 1 threads per core) family 21 model 2 stepping 0, cmov, cx8, fxsr, mmx, sse, sse2, sse3, ssse3, sse4.1, sse4.2, popcnt, avx, aes, clmul, mmxext, 3dnowpref, lzcnt, sse4a, tsc, tscinvbit, tscinv, bmi1, fma

Memory: 4k page, system-wide physical 8091M (1321M free)
TotalPageFile size 16091M (AvailPageFile size 8M)
current process WorkingSet (physical memory assigned to process): 9M, peak: 9M
current process commit charge ("private bytes"): 60M, peak: 188M

vm_info: OpenJDK 64-Bit Server VM (11.0.7+10) for windows-amd64 JRE (11.0.7+10), built on Apr 22 2020 11:46:09 by "" with MS VC++ 15.9 (VS2017)

END.
